<?xml version="1.0" encoding="UTF-8"?>
<!-- Generated by org.testng.reporters.JUnitXMLReporter -->
<testsuite hostname="BDC7-L-DDJXD63" ignored="0" name="Surefire test" tests="6" failures="0" timestamp="2021-07-08T11:33:31 IST" time="0.044" errors="0">
  <testcase name="IOSApps" time="0.005" classname="tet.AppiumTest"/>
  <testcase name="nativeappandroid" time="0.0" classname="tet.AppiumTest"/>
  <testcase name="deleteTwitter" time="0.0" classname="tet.RESTAPITest"/>
  <testcase name="postJira" time="0.0" classname="tet.RESTAPITest"/>
  <testcase name="BrowserAutomation" time="0.0" classname="tet.SeleniumTest"/>
  <testcase name="elementsUi" time="0.0" classname="tet.SeleniumTest"/>
</testsuite> <!-- Surefire test -->
