<?xml version="1.0" encoding="UTF-8"?>
<testng-results skipped="0" failed="0" ignored="0" total="6" passed="6">
  <reporter-output>
  </reporter-output>
  <suite name="Surefire suite" duration-ms="44" started-at="2021-07-08T11:33:31 IST" finished-at="2021-07-08T11:33:31 IST">
    <groups>
    </groups>
    <test name="Surefire test" duration-ms="44" started-at="2021-07-08T11:33:31 IST" finished-at="2021-07-08T11:33:31 IST">
      <class name="tet.AppiumTest">
        <test-method status="PASS" signature="IOSApps()[pri:0, instance:tet.AppiumTest@694e1548]" name="IOSApps" duration-ms="5" started-at="2021-07-08T11:33:31 IST" finished-at="2021-07-08T11:33:31 IST">
          <reporter-output>
          </reporter-output>
        </test-method> <!-- IOSApps -->
        <test-method status="PASS" signature="nativeappandroid()[pri:0, instance:tet.AppiumTest@694e1548]" name="nativeappandroid" duration-ms="0" started-at="2021-07-08T11:33:31 IST" finished-at="2021-07-08T11:33:31 IST">
          <reporter-output>
          </reporter-output>
        </test-method> <!-- nativeappandroid -->
      </class> <!-- tet.AppiumTest -->
      <class name="tet.RESTAPITest">
        <test-method status="PASS" signature="postJira()[pri:0, instance:tet.RESTAPITest@10bbd20a]" name="postJira" duration-ms="0" started-at="2021-07-08T11:33:31 IST" finished-at="2021-07-08T11:33:31 IST">
          <reporter-output>
          </reporter-output>
        </test-method> <!-- postJira -->
        <test-method status="PASS" signature="deleteTwitter()[pri:0, instance:tet.RESTAPITest@10bbd20a]" name="deleteTwitter" duration-ms="0" started-at="2021-07-08T11:33:31 IST" finished-at="2021-07-08T11:33:31 IST">
          <reporter-output>
          </reporter-output>
        </test-method> <!-- deleteTwitter -->
      </class> <!-- tet.RESTAPITest -->
      <class name="tet.SeleniumTest">
        <test-method status="PASS" signature="BrowserAutomation()[pri:0, instance:tet.SeleniumTest@48503868]" name="BrowserAutomation" duration-ms="0" started-at="2021-07-08T11:33:31 IST" finished-at="2021-07-08T11:33:31 IST">
          <reporter-output>
          </reporter-output>
        </test-method> <!-- BrowserAutomation -->
        <test-method status="PASS" signature="elementsUi()[pri:0, instance:tet.SeleniumTest@48503868]" name="elementsUi" duration-ms="0" started-at="2021-07-08T11:33:31 IST" finished-at="2021-07-08T11:33:31 IST">
          <reporter-output>
          </reporter-output>
        </test-method> <!-- elementsUi -->
      </class> <!-- tet.SeleniumTest -->
    </test> <!-- Surefire test -->
  </suite> <!-- Surefire suite -->
</testng-results>
